e:\opgl\opglpro\openglprogram\openglprogram\debug\vc140.pdb
e:\opgl\opglpro\openglprogram\openglprogram\debug\vc140.idb
e:\opgl\opglpro\openglprogram\openglprogram\debug\hellowindow.obj
e:\opgl\opglpro\openglprogram\openglprogram\debug\shader.obj
e:\opgl\opglpro\openglprogram\openglprogram\debug\texturemanager.obj
e:\opgl\opglpro\openglprogram\openglprogram\debug\opgllight.obj
e:\opgl\opglpro\openglprogram\openglprogram\debug\camera.obj
e:\opgl\opglpro\openglprogram\openglprogram\debug\mesh.obj
e:\opgl\opglpro\openglprogram\openglprogram\debug\model.obj
e:\opgl\opglpro\openglprogram\debug\openglprogram.ilk
e:\opgl\opglpro\openglprogram\debug\openglprogram.exe
e:\opgl\opglpro\openglprogram\debug\openglprogram.pdb
e:\opgl\opglpro\openglprogram\openglprogram\debug\openglprogram.tlog\cl.command.1.tlog
e:\opgl\opglpro\openglprogram\openglprogram\debug\openglprogram.tlog\cl.read.1.tlog
e:\opgl\opglpro\openglprogram\openglprogram\debug\openglprogram.tlog\cl.write.1.tlog
e:\opgl\opglpro\openglprogram\openglprogram\debug\openglprogram.tlog\link.73588-cvtres.read.1.tlog
e:\opgl\opglpro\openglprogram\openglprogram\debug\openglprogram.tlog\link.73588-cvtres.write.1.tlog
e:\opgl\opglpro\openglprogram\openglprogram\debug\openglprogram.tlog\link.73588-rc.read.1.tlog
e:\opgl\opglpro\openglprogram\openglprogram\debug\openglprogram.tlog\link.73588-rc.write.1.tlog
e:\opgl\opglpro\openglprogram\openglprogram\debug\openglprogram.tlog\link.73588.read.1.tlog
e:\opgl\opglpro\openglprogram\openglprogram\debug\openglprogram.tlog\link.73588.write.1.tlog
e:\opgl\opglpro\openglprogram\openglprogram\debug\openglprogram.tlog\link.command.1.tlog
e:\opgl\opglpro\openglprogram\openglprogram\debug\openglprogram.tlog\link.read.1.tlog
e:\opgl\opglpro\openglprogram\openglprogram\debug\openglprogram.tlog\link.write.1.tlog
